<?xml version="1.0" encoding="UTF-8"?>
<!-- Generated by org.testng.reporters.JUnitReportReporter -->
<testsuite hostname="MIGHTYSURYA11" failures="0" tests="2" name="NativeApp.Fdroid_Demo" time="1.407" errors="0" timestamp="2024-07-29T17:01:45 IST" skipped="1">
  <testcase classname="NativeApp.Fdroid_Demo" name="test" time="1.407"/>
  <system-out/>
  <testcase classname="NativeApp.Fdroid_Demo" name="Notification">
    <skipped/>
  </testcase> <!-- Notification -->
  <system-out/>
</testsuite> <!-- NativeApp.Fdroid_Demo -->
